024-05-30 09:28:54,755 [INFO] 
20240530_092852 The file format of metadata is JSON.
2024-05-30 09:29:19,188 [INFO] 
20240530_092852 The file format of metadata is JSON.
2024-05-30 09:29:24,560 [INFO] 
20240530_092852 Query with JSON format of data.
2024-05-30 09:29:27,655 [INFO] 
20240530_092852 Incorrect format of data in query. Use the following types of format - HTML, CSV, JSON only.
2024-05-30 09:29:32,340 [INFO] 
20240530_092852 Query with HTML format of data.
2024-05-30 11:08:20,542 [INFO] 
20240530_110819 Data was loaded from source successfully.
2024-05-30 11:08:20,635 [INFO] 
20240530_110819 The header has been written to cycle_lines.csv successfully.
2024-05-30 11:08:21,102 [INFO] 
20240530_110819 Data has been written to cycle_lines.csv successfully.
2024-05-30 11:08:53,207 [INFO] 
20240530_092852 Query with HTML format of data.
2024-05-30 11:08:58,328 [INFO] 
20240530_092852 Incorrect format of data in query. Use the following types of format - HTML, CSV, JSON only.
2024-05-30 11:09:02,741 [INFO] 
20240530_092852 Query with JSON format of data.
2024-05-30 11:09:09,609 [INFO] 
20240530_092852 The file format of metadata is JSON.
2024-05-30 11:09:18,725 [INFO] 
20240530_092852 Query with JSON format of data.
